<?xml version="1.0" encoding="UTF-8"?>
<!-- Generated by org.testng.reporters.JUnitXMLReporter -->
<testsuite ignored="1" hostname="TANMOY_DATTA" failures="0" tests="1" name="Default test" time="12.096" errors="0" timestamp="2023-02-20T12:05:57 BDT">
  <testcase classname="test_mobile.TestDialerApp" name="test_general_apk" time="11.991"/>
  <testcase classname="test_mobile.TestDialerApp" name="test_Dilr" time="0.0">
    <ignored/>
  </testcase> <!-- test_Dilr -->
</testsuite> <!-- Default test -->
