<?xml version="1.0" encoding="UTF-8"?>
<testng-results ignored="0" total="1" passed="1" failed="0" skipped="0">
  <reporter-output>
  </reporter-output>
  <suite started-at="2023-02-22T21:23:27 BDT" name="Default suite" finished-at="2023-02-22T21:23:39 BDT" duration-ms="12032">
    <groups>
    </groups>
    <test started-at="2023-02-22T21:23:27 BDT" name="Default test" finished-at="2023-02-22T21:23:39 BDT" duration-ms="12032">
      <class name="test_mobile.GeneralStoreApk">
        <test-method is-config="true" signature="setDriver()[pri:0, instance:test_mobile.GeneralStoreApk@31fa1761]" started-at="2023-02-22T21:23:09 BDT" name="setDriver" finished-at="2023-02-22T21:23:27 BDT" duration-ms="18264" status="PASS">
          <reporter-output>
          </reporter-output>
        </test-method> <!-- setDriver -->
        <test-method signature="test_general_apk()[pri:0, instance:test_mobile.GeneralStoreApk@31fa1761]" started-at="2023-02-22T21:23:27 BDT" name="test_general_apk" finished-at="2023-02-22T21:23:39 BDT" duration-ms="11932" status="PASS">
          <reporter-output>
          </reporter-output>
        </test-method> <!-- test_general_apk -->
        <test-method is-config="true" signature="quitDriver()[pri:0, instance:test_mobile.GeneralStoreApk@31fa1761]" started-at="2023-02-22T21:23:39 BDT" name="quitDriver" finished-at="2023-02-22T21:23:42 BDT" duration-ms="2810" status="PASS">
          <reporter-output>
          </reporter-output>
        </test-method> <!-- quitDriver -->
      </class> <!-- test_mobile.GeneralStoreApk -->
    </test> <!-- Default test -->
  </suite> <!-- Default suite -->
</testng-results>
