<?xml version="1.0" encoding="UTF-8"?>
<testng-results ignored="1" total="2" passed="1" failed="0" skipped="0">
  <reporter-output>
  </reporter-output>
  <suite started-at="2023-02-20T12:05:45 BDT" name="Default suite" finished-at="2023-02-20T12:05:57 BDT" duration-ms="12096">
    <groups>
    </groups>
    <test started-at="2023-02-20T12:05:45 BDT" name="Default test" finished-at="2023-02-20T12:05:57 BDT" duration-ms="12096">
      <class name="test_mobile.TestDialerApp">
        <test-method signature="test_general_apk()[pri:0, instance:test_mobile.TestDialerApp@169e6180]" started-at="2023-02-20T12:05:45 BDT" name="test_general_apk" finished-at="2023-02-20T12:05:57 BDT" duration-ms="11991" status="PASS">
          <reporter-output>
          </reporter-output>
        </test-method> <!-- test_general_apk -->
      </class> <!-- test_mobile.TestDialerApp -->
    </test> <!-- Default test -->
  </suite> <!-- Default suite -->
</testng-results>
